  main.c
C:\Users\YNC\Documents\나건우 C\2학기 3주차\실습3-4\main.c(12,9): warning C4477: 'scanf' : 서식 문자열 '%c'에 'char *' 형식의 인수가 필요하지만 variadic 인수 1의 형식이 'int *'입니다.
C:\Users\YNC\Documents\나건우 C\2학기 3주차\실습3-4\main.c(19,10): warning C4477: 'scanf' : 서식 문자열 '%d'에 'int *' 형식의 인수가 필요하지만 variadic 인수 1의 형식이 'int'입니다.
C:\Users\YNC\Documents\나건우 C\2학기 3주차\실습3-4\main.c(21,10): warning C4477: 'scanf' : 서식 문자열 '%d'에 'int *' 형식의 인수가 필요하지만 variadic 인수 1의 형식이 'int'입니다.
C:\Users\YNC\Documents\나건우 C\2학기 3주차\실습3-4\main.c(28,10): warning C4477: 'scanf' : 서식 문자열 '%d'에 'int *' 형식의 인수가 필요하지만 variadic 인수 1의 형식이 'int'입니다.
C:\Users\YNC\Documents\나건우 C\2학기 3주차\실습3-4\main.c(30,10): warning C4477: 'scanf' : 서식 문자열 '%d'에 'int *' 형식의 인수가 필요하지만 variadic 인수 1의 형식이 'int'입니다.
C:\Users\YNC\Documents\나건우 C\2학기 3주차\실습3-4\main.c(36,10): warning C4477: 'scanf' : 서식 문자열 '%d'에 'int *' 형식의 인수가 필요하지만 variadic 인수 1의 형식이 'int'입니다.
C:\Users\YNC\Documents\나건우 C\2학기 3주차\실습3-4\main.c(38,10): warning C4477: 'scanf' : 서식 문자열 '%d'에 'int *' 형식의 인수가 필요하지만 variadic 인수 1의 형식이 'int'입니다.
C:\Users\YNC\Documents\나건우 C\2학기 3주차\실습3-4\main.c(44,10): warning C4477: 'scanf' : 서식 문자열 '%d'에 'int *' 형식의 인수가 필요하지만 variadic 인수 1의 형식이 'int'입니다.
C:\Users\YNC\Documents\나건우 C\2학기 3주차\실습3-4\main.c(46,10): warning C4477: 'scanf' : 서식 문자열 '%d'에 'int *' 형식의 인수가 필요하지만 variadic 인수 1의 형식이 'int'입니다.
C:\Users\YNC\Documents\나건우 C\2학기 3주차\실습3-4\main.c(12,3): warning C4996: 'scanf': This function or variable may be unsafe. Consider using scanf_s instead. To disable deprecation, use _CRT_SECURE_NO_WARNINGS. See online help for details.
C:\Users\YNC\Documents\나건우 C\2학기 3주차\실습3-4\main.c(19,4): warning C4996: 'scanf': This function or variable may be unsafe. Consider using scanf_s instead. To disable deprecation, use _CRT_SECURE_NO_WARNINGS. See online help for details.
C:\Users\YNC\Documents\나건우 C\2학기 3주차\실습3-4\main.c(21,4): warning C4996: 'scanf': This function or variable may be unsafe. Consider using scanf_s instead. To disable deprecation, use _CRT_SECURE_NO_WARNINGS. See online help for details.
C:\Users\YNC\Documents\나건우 C\2학기 3주차\실습3-4\main.c(28,4): warning C4996: 'scanf': This function or variable may be unsafe. Consider using scanf_s instead. To disable deprecation, use _CRT_SECURE_NO_WARNINGS. See online help for details.
C:\Users\YNC\Documents\나건우 C\2학기 3주차\실습3-4\main.c(30,4): warning C4996: 'scanf': This function or variable may be unsafe. Consider using scanf_s instead. To disable deprecation, use _CRT_SECURE_NO_WARNINGS. See online help for details.
C:\Users\YNC\Documents\나건우 C\2학기 3주차\실습3-4\main.c(36,4): warning C4996: 'scanf': This function or variable may be unsafe. Consider using scanf_s instead. To disable deprecation, use _CRT_SECURE_NO_WARNINGS. See online help for details.
C:\Users\YNC\Documents\나건우 C\2학기 3주차\실습3-4\main.c(38,4): warning C4996: 'scanf': This function or variable may be unsafe. Consider using scanf_s instead. To disable deprecation, use _CRT_SECURE_NO_WARNINGS. See online help for details.
C:\Users\YNC\Documents\나건우 C\2학기 3주차\실습3-4\main.c(44,4): warning C4996: 'scanf': This function or variable may be unsafe. Consider using scanf_s instead. To disable deprecation, use _CRT_SECURE_NO_WARNINGS. See online help for details.
C:\Users\YNC\Documents\나건우 C\2학기 3주차\실습3-4\main.c(46,4): warning C4996: 'scanf': This function or variable may be unsafe. Consider using scanf_s instead. To disable deprecation, use _CRT_SECURE_NO_WARNINGS. See online help for details.
  실습3-4.vcxproj -> C:\Users\YNC\Documents\나건우 C\2학기 3주차\실습3-4\x64\Debug\실습3-4.exe
